<?xml version="1.0" encoding="UTF-8"?>
<!-- Generated by org.testng.reporters.JUnitReportReporter -->
<testsuite hostname="DESKTOP-3MH594M" failures="0" tests="5" name="com.tutorialsninja.qa.testcases.Login" time="40.218" errors="0" timestamp="2024-07-15T20:57:50 IST" skipped="0">
  <testcase classname="com.tutorialsninja.qa.testcases.Login" name="verifyLoginwithValidCredentials" time="7.861"/>
  <testcase classname="com.tutorialsninja.qa.testcases.Login" name="verifywithInvalidCredentials" time="8.252"/>
  <testcase classname="com.tutorialsninja.qa.testcases.Login" name="verifywithvalidUsernameandInvalidPassword" time="7.709"/>
  <testcase classname="com.tutorialsninja.qa.testcases.Login" name="verifywithInvalidEmailandValidPassword" time="8.063"/>
  <testcase classname="com.tutorialsninja.qa.testcases.Login" name="verifywithoutProvidingAnyCredentials" time="8.333"/>
</testsuite> <!-- com.tutorialsninja.qa.testcases.Login -->
