<?xml version="1.0" encoding="UTF-8"?>
<!-- Generated by org.testng.reporters.JUnitReportReporter -->
<testsuite hostname="DESKTOP-3MH594M" failures="0" tests="4" name="com.tutorialsninja.qa.testcases.RegistrationPage" time="36.777" errors="0" timestamp="2024-07-15T20:57:50 IST" skipped="0">
  <testcase classname="com.tutorialsninja.qa.testcases.RegistrationPage" name="verifyRegisterwithMandatoryFields" time="10.510"/>
  <testcase classname="com.tutorialsninja.qa.testcases.RegistrationPage" name="verifyRegisterwithAllFields" time="9.230"/>
  <testcase classname="com.tutorialsninja.qa.testcases.RegistrationPage" name="verifyRegiserwithExistingEmailAddress" time="8.926"/>
  <testcase classname="com.tutorialsninja.qa.testcases.RegistrationPage" name="verifyRegisteringwithoutProvidingAnyDetails" time="8.111"/>
</testsuite> <!-- com.tutorialsninja.qa.testcases.RegistrationPage -->
