<?xml version="1.0" encoding="UTF-8"?>
<!-- Generated by org.testng.reporters.JUnitReportReporter -->
<testsuite hostname="DESKTOP-3MH594M" failures="0" tests="3" name="com.tutorialsninja.qa.testcases.SearchFunctionality" time="21.988" errors="0" timestamp="2024-07-15T20:57:50 IST" skipped="0">
  <testcase classname="com.tutorialsninja.qa.testcases.SearchFunctionality" name="verifySearchWithValidProduct" time="7.305"/>
  <testcase classname="com.tutorialsninja.qa.testcases.SearchFunctionality" name="verifywithInvalidProduct" time="7.154"/>
  <testcase classname="com.tutorialsninja.qa.testcases.SearchFunctionality" name="verifySearchWithoutAnyProduct" time="7.529"/>
</testsuite> <!-- com.tutorialsninja.qa.testcases.SearchFunctionality -->
