<?xml version="1.0" encoding="UTF-8"?>
<!-- Generated by org.testng.reporters.JUnitReportReporter -->
<testsuite hostname="DESKTOP-3MH594M" failures="0" tests="4" name="com.tutorialsninja.qa.testcases.RegistrationPage" time="24.780" errors="0" timestamp="2024-07-19T21:31:13 IST" skipped="0">
  <testcase classname="com.tutorialsninja.qa.testcases.RegistrationPage" name="verifyRegisterwithMandatoryFields" time="5.772"/>
  <testcase classname="com.tutorialsninja.qa.testcases.RegistrationPage" name="verifyRegisterwithAllFields" time="5.497"/>
  <testcase classname="com.tutorialsninja.qa.testcases.RegistrationPage" name="verifyRegiserwithExistingEmailAddress" time="6.016"/>
  <testcase classname="com.tutorialsninja.qa.testcases.RegistrationPage" name="verifyRegisteringwithoutProvidingAnyDetails" time="7.495"/>
</testsuite> <!-- com.tutorialsninja.qa.testcases.RegistrationPage -->
