<?xml version="1.0" encoding="UTF-8"?>
<!-- Generated by org.testng.reporters.JUnitReportReporter -->
<testsuite hostname="DESKTOP-3MH594M" failures="0" tests="7" name="com.tutorialsninja.qa.testcases.Login" time="34.120" errors="0" timestamp="2024-07-19T21:31:13 IST" skipped="0">
  <testcase classname="com.tutorialsninja.qa.testcases.Login" name="verifyLoginwithValidCredentials" time="5.094"/>
  <testcase classname="com.tutorialsninja.qa.testcases.Login" name="verifyLoginwithValidCredentials" time="4.908"/>
  <testcase classname="com.tutorialsninja.qa.testcases.Login" name="verifyLoginwithValidCredentials" time="5.099"/>
  <testcase classname="com.tutorialsninja.qa.testcases.Login" name="verifywithInvalidCredentials" time="4.903"/>
  <testcase classname="com.tutorialsninja.qa.testcases.Login" name="verifywithvalidUsernameandInvalidPassword" time="4.960"/>
  <testcase classname="com.tutorialsninja.qa.testcases.Login" name="verifywithInvalidEmailandValidPassword" time="4.628"/>
  <testcase classname="com.tutorialsninja.qa.testcases.Login" name="verifywithoutProvidingAnyCredentials" time="4.528"/>
</testsuite> <!-- com.tutorialsninja.qa.testcases.Login -->
