<?xml version="1.0" encoding="UTF-8"?>
<!-- Generated by org.testng.reporters.JUnitReportReporter -->
<testsuite hostname="DESKTOP-3MH594M" failures="0" tests="3" name="com.tutorialsninja.qa.testcases.Login" time="21.775" errors="0" timestamp="2024-07-17T17:33:43 IST" skipped="0">
  <testcase classname="com.tutorialsninja.qa.testcases.Login" name="verifyLoginwithValidCredentials" time="8.071"/>
  <testcase classname="com.tutorialsninja.qa.testcases.Login" name="verifyLoginwithValidCredentials" time="7.278"/>
  <testcase classname="com.tutorialsninja.qa.testcases.Login" name="verifyLoginwithValidCredentials" time="6.426"/>
</testsuite> <!-- com.tutorialsninja.qa.testcases.Login -->
