<?xml version="1.0" encoding="UTF-8"?>
<!-- Generated by org.testng.reporters.JUnitReportReporter -->
<testsuite hostname="DESKTOP-3MH594M" failures="0" tests="3" name="com.tutorialsninja.qa.testcases.SearchFunctionality" time="12.303" errors="0" timestamp="2024-07-19T21:31:13 IST" skipped="0">
  <testcase classname="com.tutorialsninja.qa.testcases.SearchFunctionality" name="verifySearchWithValidProduct" time="4.206"/>
  <testcase classname="com.tutorialsninja.qa.testcases.SearchFunctionality" name="verifywithInvalidProduct" time="4.170"/>
  <testcase classname="com.tutorialsninja.qa.testcases.SearchFunctionality" name="verifySearchWithoutAnyProduct" time="3.927"/>
</testsuite> <!-- com.tutorialsninja.qa.testcases.SearchFunctionality -->
